2020-01-19 11:20:28,881 INFO o.a.j.u.JMeterUtils: Setting Locale to en_US
2020-01-19 11:20:28,897 INFO o.a.j.JMeter: Loading system properties from: system.properties
2020-01-19 11:20:28,904 INFO o.a.j.JMeter: Copyright (c) 1998-2017 The Apache Software Foundation
2020-01-19 11:20:28,904 INFO o.a.j.JMeter: Version 3.3 r1808647
2020-01-19 11:20:28,904 INFO o.a.j.JMeter: java.version=1.8.0_25
2020-01-19 11:20:28,904 INFO o.a.j.JMeter: java.vm.name=Java HotSpot(TM) 64-Bit Server VM
2020-01-19 11:20:28,905 INFO o.a.j.JMeter: os.name=Mac OS X
2020-01-19 11:20:28,905 INFO o.a.j.JMeter: os.arch=x86_64
2020-01-19 11:20:28,905 INFO o.a.j.JMeter: os.version=10.11.6
2020-01-19 11:20:28,905 INFO o.a.j.JMeter: file.encoding=UTF-8
2020-01-19 11:20:28,905 INFO o.a.j.JMeter: Max memory     =514850816
2020-01-19 11:20:28,905 INFO o.a.j.JMeter: Available Processors =8
2020-01-19 11:20:28,910 INFO o.a.j.JMeter: Default Locale=English (United States)
2020-01-19 11:20:28,911 INFO o.a.j.JMeter: JMeter  Locale=English (United States)
2020-01-19 11:20:28,911 INFO o.a.j.JMeter: JMeterHome=/Users/dzungchu/Documents/4-WORKSPACE/demo-cicd/target/jmeter
2020-01-19 11:20:28,911 INFO o.a.j.JMeter: user.dir  =/Users/dzungchu/Documents/4-WORKSPACE/demo-cicd/target/jmeter/bin
2020-01-19 11:20:28,911 INFO o.a.j.JMeter: PWD       =/Users/dzungchu/Documents/4-WORKSPACE/demo-cicd/target/jmeter/bin
2020-01-19 11:20:28,967 INFO o.a.j.JMeter: IP: 192.168.0.106 Name: dzungchu-mb.local FullName: 192.168.0.106
2020-01-19 11:20:28,969 INFO o.a.j.JMeter: Setting property 'jmeter.reportgenerator.outputdir' to:'/Users/dzungchu/Documents/4-WORKSPACE/demo-cicd/target/jmeter/reports/HTTP Request_20200119_112027'
2020-01-19 11:20:28,972 INFO o.a.j.s.FileServer: Default base='/Users/dzungchu/Documents/4-WORKSPACE/demo-cicd/target/jmeter/bin'
2020-01-19 11:20:28,972 INFO o.a.j.s.FileServer: Set new base='/Users/dzungchu/Documents/4-WORKSPACE/demo-cicd/target/jmeter/testFiles'
2020-01-19 11:20:29,160 INFO o.a.j.s.SaveService: Testplan (JMX) version: 2.2. Testlog (JTL) version: 2.2
2020-01-19 11:20:29,177 INFO o.a.j.s.SaveService: Using SaveService properties file encoding UTF-8
2020-01-19 11:20:29,184 INFO o.a.j.s.SaveService: Using SaveService properties version 3.2
2020-01-19 11:20:29,192 INFO o.a.j.s.SaveService: Loading file: /Users/dzungchu/Documents/4-WORKSPACE/demo-cicd/target/jmeter/testFiles/HTTP Request.jmx
2020-01-19 11:20:29,254 INFO o.a.j.p.h.s.HTTPSamplerBase: Parser for text/html is org.apache.jmeter.protocol.http.parser.LagartoBasedHtmlParser
2020-01-19 11:20:29,255 INFO o.a.j.p.h.s.HTTPSamplerBase: Parser for application/xhtml+xml is org.apache.jmeter.protocol.http.parser.LagartoBasedHtmlParser
2020-01-19 11:20:29,255 INFO o.a.j.p.h.s.HTTPSamplerBase: Parser for application/xml is org.apache.jmeter.protocol.http.parser.LagartoBasedHtmlParser
2020-01-19 11:20:29,255 INFO o.a.j.p.h.s.HTTPSamplerBase: Parser for text/xml is org.apache.jmeter.protocol.http.parser.LagartoBasedHtmlParser
2020-01-19 11:20:29,255 INFO o.a.j.p.h.s.HTTPSamplerBase: Parser for text/vnd.wap.wml is org.apache.jmeter.protocol.http.parser.RegexpHTMLParser
2020-01-19 11:20:29,255 INFO o.a.j.p.h.s.HTTPSamplerBase: Parser for text/css is org.apache.jmeter.protocol.http.parser.CssParser
2020-01-19 11:20:29,287 INFO o.a.j.JMeter: Creating summariser <summary>
2020-01-19 11:20:29,293 INFO o.a.j.r.d.ReportGenerator: ReportGenerator will use for Parsing the separator: ','
2020-01-19 11:20:29,293 INFO o.a.j.r.d.ReportGenerator: Will generate report at end of test from  results file: /Users/dzungchu/Documents/4-WORKSPACE/demo-cicd/testResults/jmeter/20200119-HTTP Request.csv
2020-01-19 11:20:29,293 INFO o.a.j.r.d.ReportGenerator: Reading report generator properties from: /Users/dzungchu/Documents/4-WORKSPACE/demo-cicd/target/jmeter/bin/reportgenerator.properties
2020-01-19 11:20:29,294 INFO o.a.j.r.d.ReportGenerator: Merging with JMeter properties
2020-01-19 11:20:29,301 INFO o.a.j.r.c.ReportGeneratorConfiguration: Property 'jmeter.reportgenerator.temp_dir' not found, using default value 'temp' instead.
2020-01-19 11:20:29,305 INFO o.a.j.r.c.ReportGeneratorConfiguration: Property 'jmeter.reportgenerator.apdex_per_transaction' not found, using default value 'null' instead.
2020-01-19 11:20:29,305 INFO o.a.j.r.c.ReportGeneratorConfiguration: apdex_per_transaction : {} is empty, not APDEX per transaction customization
2020-01-19 11:20:29,305 INFO o.a.j.r.c.ReportGeneratorConfiguration: Property 'jmeter.reportgenerator.sample_filter' not found, using default value 'null' instead.
2020-01-19 11:20:29,305 INFO o.a.j.r.c.ReportGeneratorConfiguration: Property 'jmeter.reportgenerator.report_title' not found, using default value 'null' instead.
2020-01-19 11:20:29,305 INFO o.a.j.r.c.ReportGeneratorConfiguration: Property 'jmeter.reportgenerator.start_date' not found, using default value 'null' instead.
2020-01-19 11:20:29,305 INFO o.a.j.r.c.ReportGeneratorConfiguration: Property 'jmeter.reportgenerator.end_date' not found, using default value 'null' instead.
2020-01-19 11:20:29,305 INFO o.a.j.r.c.ReportGeneratorConfiguration: Property 'jmeter.reportgenerator.date_format' not found, using default value 'null' instead.
2020-01-19 11:20:29,306 INFO o.a.j.r.c.ReportGeneratorConfiguration: Will use date range start date: null, end date: null
2020-01-19 11:20:29,312 INFO o.a.j.r.c.ReportGeneratorConfiguration: Property 'jmeter.reportgenerator.graph.activeThreadsOverTime.exclude_controllers' not found, using default value 'false' instead.
2020-01-19 11:20:29,312 INFO o.a.j.r.c.ReportGeneratorConfiguration: Property 'jmeter.reportgenerator.graph.timeVsThreads.exclude_controllers' not found, using default value 'false' instead.
2020-01-19 11:20:29,312 INFO o.a.j.r.c.ReportGeneratorConfiguration: Property 'jmeter.reportgenerator.graph.responseTimeDistribution.exclude_controllers' not found, using default value 'false' instead.
2020-01-19 11:20:29,312 INFO o.a.j.r.c.ReportGeneratorConfiguration: Property 'jmeter.reportgenerator.graph.transactionsPerSecond.exclude_controllers' not found, using default value 'false' instead.
2020-01-19 11:20:29,312 INFO o.a.j.r.c.ReportGeneratorConfiguration: Property 'jmeter.reportgenerator.graph.responseTimePercentiles.exclude_controllers' not found, using default value 'false' instead.
2020-01-19 11:20:29,313 INFO o.a.j.r.c.ReportGeneratorConfiguration: Property 'jmeter.reportgenerator.graph.responseTimePercentilesOverTime.exclude_controllers' not found, using default value 'false' instead.
2020-01-19 11:20:29,313 INFO o.a.j.r.c.ReportGeneratorConfiguration: Property 'jmeter.reportgenerator.graph.responseTimesOverTime.exclude_controllers' not found, using default value 'false' instead.
2020-01-19 11:20:29,313 INFO o.a.j.r.c.ReportGeneratorConfiguration: Property 'jmeter.reportgenerator.graph.connectTimeOverTime.exclude_controllers' not found, using default value 'false' instead.
2020-01-19 11:20:29,313 INFO o.a.j.r.c.ReportGeneratorConfiguration: Property 'jmeter.reportgenerator.graph.latenciesOverTime.exclude_controllers' not found, using default value 'false' instead.
2020-01-19 11:20:29,314 INFO o.a.j.r.c.ReportGeneratorConfiguration: Property 'jmeter.reportgenerator.exporter.html.filters_only_sample_series' not found, using default value 'true' instead.
2020-01-19 11:20:29,314 INFO o.a.j.r.c.ReportGeneratorConfiguration: Property 'jmeter.reportgenerator.exporter.html.series_filter' not found, using default value '' instead.
2020-01-19 11:20:29,314 INFO o.a.j.r.c.ReportGeneratorConfiguration: Property 'jmeter.reportgenerator.exporter.html.show_controllers_only' not found, using default value 'false' instead.
2020-01-19 11:20:29,320 INFO o.a.j.e.StandardJMeterEngine: Running the test!
2020-01-19 11:20:29,321 INFO o.a.j.s.SampleEvent: List of sample_variables: []
2020-01-19 11:20:29,321 INFO o.a.j.s.SampleEvent: List of sample_variables: []
2020-01-19 11:20:29,331 INFO o.a.j.e.u.CompoundVariable: Note: Function class names must contain the string: '.functions.'
2020-01-19 11:20:29,331 INFO o.a.j.e.u.CompoundVariable: Note: Function class names must not contain the string: '.gui.'
2020-01-19 11:20:29,938 INFO o.a.j.JMeter: Running test (1579407629938)
2020-01-19 11:20:30,017 INFO o.a.j.e.StandardJMeterEngine: Starting ThreadGroup: 1 : Thread Group
2020-01-19 11:20:30,018 INFO o.a.j.e.StandardJMeterEngine: Starting 100 threads for group Thread Group.
2020-01-19 11:20:30,018 INFO o.a.j.e.StandardJMeterEngine: Thread will continue on error
2020-01-19 11:20:30,018 INFO o.a.j.t.ThreadGroup: Starting thread group... number=1 threads=100 ramp-up=10 perThread=100.0 delayedStart=false
2020-01-19 11:20:30,026 INFO o.a.j.t.JMeterThread: Thread started: Thread Group 1-1
2020-01-19 11:20:30,054 INFO o.a.j.t.ThreadGroup: Started thread group number 1
2020-01-19 11:20:30,054 INFO o.a.j.e.StandardJMeterEngine: All thread groups have been started
2020-01-19 11:20:30,066 INFO o.a.j.p.h.s.HTTPHCAbstractImpl: Local host = dzungchu-mb.local
2020-01-19 11:20:30,077 INFO o.a.j.p.h.s.HTTPHC4Impl: HTTP request retry count = 0
2020-01-19 11:20:30,089 INFO o.a.j.s.SampleResult: Note: Sample TimeStamps are START times
2020-01-19 11:20:30,089 INFO o.a.j.s.SampleResult: sampleresult.default.encoding is set to ISO-8859-1
2020-01-19 11:20:30,089 INFO o.a.j.s.SampleResult: sampleresult.useNanoTime=true
2020-01-19 11:20:30,089 INFO o.a.j.s.SampleResult: sampleresult.nanoThreadSleep=5000
2020-01-19 11:20:30,126 INFO o.a.j.t.JMeterThread: Thread started: Thread Group 1-2
2020-01-19 11:20:30,214 INFO o.a.j.r.Summariser: summary +      1 in 00:00:00 =    3.6/s Avg:    77 Min:    77 Max:    77 Err:     1 (100.00%) Active: 2 Started: 2 Finished: 0
2020-01-19 11:20:30,228 INFO o.a.j.t.JMeterThread: Thread started: Thread Group 1-3
2020-01-19 11:20:30,233 INFO o.a.j.t.JMeterThread: Thread is done: Thread Group 1-1
2020-01-19 11:20:30,233 INFO o.a.j.t.JMeterThread: Thread is done: Thread Group 1-2
2020-01-19 11:20:30,233 INFO o.a.j.t.JMeterThread: Thread finished: Thread Group 1-1
2020-01-19 11:20:30,233 INFO o.a.j.t.JMeterThread: Thread finished: Thread Group 1-2
2020-01-19 11:20:30,246 INFO o.a.j.t.JMeterThread: Thread is done: Thread Group 1-3
2020-01-19 11:20:30,246 INFO o.a.j.t.JMeterThread: Thread finished: Thread Group 1-3
2020-01-19 11:20:30,330 INFO o.a.j.t.JMeterThread: Thread started: Thread Group 1-4
2020-01-19 11:20:30,344 INFO o.a.j.t.JMeterThread: Thread is done: Thread Group 1-4
2020-01-19 11:20:30,344 INFO o.a.j.t.JMeterThread: Thread finished: Thread Group 1-4
2020-01-19 11:20:30,430 INFO o.a.j.t.JMeterThread: Thread started: Thread Group 1-5
2020-01-19 11:20:30,441 INFO o.a.j.t.JMeterThread: Thread is done: Thread Group 1-5
2020-01-19 11:20:30,441 INFO o.a.j.t.JMeterThread: Thread finished: Thread Group 1-5
2020-01-19 11:20:30,528 INFO o.a.j.t.JMeterThread: Thread started: Thread Group 1-6
2020-01-19 11:20:30,541 INFO o.a.j.t.JMeterThread: Thread is done: Thread Group 1-6
2020-01-19 11:20:30,541 INFO o.a.j.t.JMeterThread: Thread finished: Thread Group 1-6
2020-01-19 11:20:30,628 INFO o.a.j.t.JMeterThread: Thread started: Thread Group 1-7
2020-01-19 11:20:30,643 INFO o.a.j.t.JMeterThread: Thread is done: Thread Group 1-7
2020-01-19 11:20:30,643 INFO o.a.j.t.JMeterThread: Thread finished: Thread Group 1-7
2020-01-19 11:20:30,727 INFO o.a.j.t.JMeterThread: Thread started: Thread Group 1-8
2020-01-19 11:20:30,740 INFO o.a.j.t.JMeterThread: Thread is done: Thread Group 1-8
2020-01-19 11:20:30,740 INFO o.a.j.t.JMeterThread: Thread finished: Thread Group 1-8
2020-01-19 11:20:30,832 INFO o.a.j.t.JMeterThread: Thread started: Thread Group 1-9
2020-01-19 11:20:30,847 INFO o.a.j.t.JMeterThread: Thread is done: Thread Group 1-9
2020-01-19 11:20:30,847 INFO o.a.j.t.JMeterThread: Thread finished: Thread Group 1-9
2020-01-19 11:20:30,928 INFO o.a.j.t.JMeterThread: Thread started: Thread Group 1-10
2020-01-19 11:20:30,942 INFO o.a.j.t.JMeterThread: Thread is done: Thread Group 1-10
2020-01-19 11:20:30,942 INFO o.a.j.t.JMeterThread: Thread finished: Thread Group 1-10
2020-01-19 11:20:31,029 INFO o.a.j.t.JMeterThread: Thread started: Thread Group 1-11
2020-01-19 11:20:31,042 INFO o.a.j.t.JMeterThread: Thread is done: Thread Group 1-11
2020-01-19 11:20:31,042 INFO o.a.j.t.JMeterThread: Thread finished: Thread Group 1-11
2020-01-19 11:20:31,131 INFO o.a.j.t.JMeterThread: Thread started: Thread Group 1-12
2020-01-19 11:20:31,144 INFO o.a.j.t.JMeterThread: Thread is done: Thread Group 1-12
2020-01-19 11:20:31,144 INFO o.a.j.t.JMeterThread: Thread finished: Thread Group 1-12
2020-01-19 11:20:31,232 INFO o.a.j.t.JMeterThread: Thread started: Thread Group 1-13
2020-01-19 11:20:31,329 INFO o.a.j.t.JMeterThread: Thread started: Thread Group 1-14
2020-01-19 11:20:31,436 INFO o.a.j.t.JMeterThread: Thread started: Thread Group 1-15
2020-01-19 11:20:31,531 INFO o.a.j.t.JMeterThread: Thread started: Thread Group 1-16
2020-01-19 11:20:31,636 INFO o.a.j.t.JMeterThread: Thread started: Thread Group 1-17
2020-01-19 11:20:31,734 INFO o.a.j.t.JMeterThread: Thread started: Thread Group 1-18
2020-01-19 11:20:31,834 INFO o.a.j.t.JMeterThread: Thread started: Thread Group 1-19
2020-01-19 11:20:31,938 INFO o.a.j.t.JMeterThread: Thread started: Thread Group 1-20
2020-01-19 11:20:32,034 INFO o.a.j.t.JMeterThread: Thread started: Thread Group 1-21
2020-01-19 11:20:32,135 INFO o.a.j.t.JMeterThread: Thread started: Thread Group 1-22
2020-01-19 11:20:32,238 INFO o.a.j.t.JMeterThread: Thread started: Thread Group 1-23
2020-01-19 11:20:32,252 INFO o.a.j.t.JMeterThread: Thread is done: Thread Group 1-23
2020-01-19 11:20:32,253 INFO o.a.j.t.JMeterThread: Thread finished: Thread Group 1-23
2020-01-19 11:20:32,257 INFO o.a.j.t.JMeterThread: Thread is done: Thread Group 1-13
2020-01-19 11:20:32,257 INFO o.a.j.t.JMeterThread: Thread finished: Thread Group 1-13
2020-01-19 11:20:32,337 INFO o.a.j.t.JMeterThread: Thread started: Thread Group 1-24
2020-01-19 11:20:32,350 INFO o.a.j.t.JMeterThread: Thread is done: Thread Group 1-24
2020-01-19 11:20:32,350 INFO o.a.j.t.JMeterThread: Thread finished: Thread Group 1-24
2020-01-19 11:20:32,351 INFO o.a.j.t.JMeterThread: Thread is done: Thread Group 1-14
2020-01-19 11:20:32,352 INFO o.a.j.t.JMeterThread: Thread finished: Thread Group 1-14
2020-01-19 11:20:32,438 INFO o.a.j.t.JMeterThread: Thread started: Thread Group 1-25
2020-01-19 11:20:32,451 INFO o.a.j.t.JMeterThread: Thread is done: Thread Group 1-25
2020-01-19 11:20:32,451 INFO o.a.j.t.JMeterThread: Thread finished: Thread Group 1-25
2020-01-19 11:20:32,461 INFO o.a.j.t.JMeterThread: Thread is done: Thread Group 1-15
2020-01-19 11:20:32,461 INFO o.a.j.t.JMeterThread: Thread finished: Thread Group 1-15
2020-01-19 11:20:32,538 INFO o.a.j.t.JMeterThread: Thread started: Thread Group 1-26
2020-01-19 11:20:32,551 INFO o.a.j.t.JMeterThread: Thread is done: Thread Group 1-26
2020-01-19 11:20:32,551 INFO o.a.j.t.JMeterThread: Thread finished: Thread Group 1-26
2020-01-19 11:20:32,559 INFO o.a.j.t.JMeterThread: Thread is done: Thread Group 1-16
2020-01-19 11:20:32,559 INFO o.a.j.t.JMeterThread: Thread finished: Thread Group 1-16
2020-01-19 11:20:32,640 INFO o.a.j.t.JMeterThread: Thread started: Thread Group 1-27
2020-01-19 11:20:32,652 INFO o.a.j.t.JMeterThread: Thread is done: Thread Group 1-27
2020-01-19 11:20:32,652 INFO o.a.j.t.JMeterThread: Thread finished: Thread Group 1-27
2020-01-19 11:20:32,667 INFO o.a.j.t.JMeterThread: Thread is done: Thread Group 1-17
2020-01-19 11:20:32,667 INFO o.a.j.t.JMeterThread: Thread finished: Thread Group 1-17
2020-01-19 11:20:32,737 INFO o.a.j.t.JMeterThread: Thread started: Thread Group 1-28
2020-01-19 11:20:32,748 INFO o.a.j.t.JMeterThread: Thread is done: Thread Group 1-28
2020-01-19 11:20:32,749 INFO o.a.j.t.JMeterThread: Thread finished: Thread Group 1-28
2020-01-19 11:20:32,769 INFO o.a.j.t.JMeterThread: Thread is done: Thread Group 1-18
2020-01-19 11:20:32,770 INFO o.a.j.t.JMeterThread: Thread finished: Thread Group 1-18
2020-01-19 11:20:32,836 INFO o.a.j.t.JMeterThread: Thread started: Thread Group 1-29
2020-01-19 11:20:32,850 INFO o.a.j.t.JMeterThread: Thread is done: Thread Group 1-29
2020-01-19 11:20:32,850 INFO o.a.j.t.JMeterThread: Thread finished: Thread Group 1-29
2020-01-19 11:20:32,937 INFO o.a.j.t.JMeterThread: Thread started: Thread Group 1-30
2020-01-19 11:20:33,036 INFO o.a.j.t.JMeterThread: Thread started: Thread Group 1-31
2020-01-19 11:20:33,141 INFO o.a.j.t.JMeterThread: Thread started: Thread Group 1-32
2020-01-19 11:20:33,238 INFO o.a.j.t.JMeterThread: Thread started: Thread Group 1-33
2020-01-19 11:20:33,340 INFO o.a.j.t.JMeterThread: Thread started: Thread Group 1-34
2020-01-19 11:20:33,441 INFO o.a.j.t.JMeterThread: Thread started: Thread Group 1-35
2020-01-19 11:20:33,537 INFO o.a.j.t.JMeterThread: Thread started: Thread Group 1-36
2020-01-19 11:20:33,638 INFO o.a.j.t.JMeterThread: Thread started: Thread Group 1-37
2020-01-19 11:20:33,738 INFO o.a.j.t.JMeterThread: Thread started: Thread Group 1-38
2020-01-19 11:20:33,838 INFO o.a.j.t.JMeterThread: Thread started: Thread Group 1-39
2020-01-19 11:20:33,939 INFO o.a.j.t.JMeterThread: Thread started: Thread Group 1-40
2020-01-19 11:20:34,039 INFO o.a.j.t.JMeterThread: Thread started: Thread Group 1-41
2020-01-19 11:20:34,142 INFO o.a.j.t.JMeterThread: Thread started: Thread Group 1-42
2020-01-19 11:20:34,165 INFO o.a.j.t.JMeterThread: Thread is done: Thread Group 1-32
2020-01-19 11:20:34,165 INFO o.a.j.t.JMeterThread: Thread finished: Thread Group 1-32
2020-01-19 11:20:34,186 INFO o.a.j.t.JMeterThread: Thread is done: Thread Group 1-22
2020-01-19 11:20:34,186 INFO o.a.j.t.JMeterThread: Thread finished: Thread Group 1-22
2020-01-19 11:20:34,240 INFO o.a.j.t.JMeterThread: Thread started: Thread Group 1-43
2020-01-19 11:20:34,251 INFO o.a.j.t.JMeterThread: Thread is done: Thread Group 1-43
2020-01-19 11:20:34,251 INFO o.a.j.t.JMeterThread: Thread finished: Thread Group 1-43
2020-01-19 11:20:34,263 INFO o.a.j.t.JMeterThread: Thread is done: Thread Group 1-33
2020-01-19 11:20:34,263 INFO o.a.j.t.JMeterThread: Thread finished: Thread Group 1-33
2020-01-19 11:20:34,343 INFO o.a.j.t.JMeterThread: Thread started: Thread Group 1-44
2020-01-19 11:20:34,352 INFO o.a.j.t.JMeterThread: Thread is done: Thread Group 1-44
2020-01-19 11:20:34,352 INFO o.a.j.t.JMeterThread: Thread finished: Thread Group 1-44
2020-01-19 11:20:34,368 INFO o.a.j.t.JMeterThread: Thread is done: Thread Group 1-34
2020-01-19 11:20:34,368 INFO o.a.j.t.JMeterThread: Thread finished: Thread Group 1-34
2020-01-19 11:20:34,442 INFO o.a.j.t.JMeterThread: Thread started: Thread Group 1-45
2020-01-19 11:20:34,454 INFO o.a.j.t.JMeterThread: Thread is done: Thread Group 1-45
2020-01-19 11:20:34,454 INFO o.a.j.t.JMeterThread: Thread finished: Thread Group 1-45
2020-01-19 11:20:34,472 INFO o.a.j.t.JMeterThread: Thread is done: Thread Group 1-35
2020-01-19 11:20:34,472 INFO o.a.j.t.JMeterThread: Thread finished: Thread Group 1-35
2020-01-19 11:20:34,541 INFO o.a.j.t.JMeterThread: Thread started: Thread Group 1-46
2020-01-19 11:20:34,551 INFO o.a.j.t.JMeterThread: Thread is done: Thread Group 1-46
2020-01-19 11:20:34,551 INFO o.a.j.t.JMeterThread: Thread finished: Thread Group 1-46
2020-01-19 11:20:34,570 INFO o.a.j.t.JMeterThread: Thread is done: Thread Group 1-36
2020-01-19 11:20:34,570 INFO o.a.j.t.JMeterThread: Thread finished: Thread Group 1-36
2020-01-19 11:20:34,643 INFO o.a.j.t.JMeterThread: Thread started: Thread Group 1-47
2020-01-19 11:20:34,654 INFO o.a.j.t.JMeterThread: Thread is done: Thread Group 1-47
2020-01-19 11:20:34,654 INFO o.a.j.t.JMeterThread: Thread finished: Thread Group 1-47
2020-01-19 11:20:34,672 INFO o.a.j.t.JMeterThread: Thread is done: Thread Group 1-37
2020-01-19 11:20:34,672 INFO o.a.j.t.JMeterThread: Thread finished: Thread Group 1-37
2020-01-19 11:20:34,743 INFO o.a.j.t.JMeterThread: Thread started: Thread Group 1-48
2020-01-19 11:20:34,841 INFO o.a.j.t.JMeterThread: Thread started: Thread Group 1-49
2020-01-19 11:20:34,942 INFO o.a.j.t.JMeterThread: Thread started: Thread Group 1-50
2020-01-19 11:20:35,042 INFO o.a.j.t.JMeterThread: Thread started: Thread Group 1-51
2020-01-19 11:20:35,143 INFO o.a.j.t.JMeterThread: Thread started: Thread Group 1-52
2020-01-19 11:20:35,245 INFO o.a.j.t.JMeterThread: Thread started: Thread Group 1-53
2020-01-19 11:20:35,345 INFO o.a.j.t.JMeterThread: Thread started: Thread Group 1-54
2020-01-19 11:20:35,442 INFO o.a.j.t.JMeterThread: Thread started: Thread Group 1-55
2020-01-19 11:20:35,542 INFO o.a.j.t.JMeterThread: Thread started: Thread Group 1-56
2020-01-19 11:20:35,644 INFO o.a.j.t.JMeterThread: Thread started: Thread Group 1-57
2020-01-19 11:20:35,744 INFO o.a.j.t.JMeterThread: Thread started: Thread Group 1-58
2020-01-19 11:20:35,845 INFO o.a.j.t.JMeterThread: Thread started: Thread Group 1-59
2020-01-19 11:20:35,945 INFO o.a.j.t.JMeterThread: Thread started: Thread Group 1-60
2020-01-19 11:20:36,046 INFO o.a.j.t.JMeterThread: Thread started: Thread Group 1-61
2020-01-19 11:20:36,144 INFO o.a.j.t.JMeterThread: Thread started: Thread Group 1-62
2020-01-19 11:20:36,166 INFO o.a.j.t.JMeterThread: Thread is done: Thread Group 1-52
2020-01-19 11:20:36,166 INFO o.a.j.t.JMeterThread: Thread finished: Thread Group 1-52
2020-01-19 11:20:36,195 INFO o.a.j.t.JMeterThread: Thread is done: Thread Group 1-42
2020-01-19 11:20:36,195 INFO o.a.j.t.JMeterThread: Thread finished: Thread Group 1-42
2020-01-19 11:20:36,246 INFO o.a.j.t.JMeterThread: Thread started: Thread Group 1-63
2020-01-19 11:20:36,257 INFO o.a.j.t.JMeterThread: Thread is done: Thread Group 1-63
2020-01-19 11:20:36,257 INFO o.a.j.t.JMeterThread: Thread finished: Thread Group 1-63
2020-01-19 11:20:36,269 INFO o.a.j.t.JMeterThread: Thread is done: Thread Group 1-53
2020-01-19 11:20:36,270 INFO o.a.j.t.JMeterThread: Thread finished: Thread Group 1-53
2020-01-19 11:20:36,348 INFO o.a.j.t.JMeterThread: Thread started: Thread Group 1-64
2020-01-19 11:20:36,360 INFO o.a.j.t.JMeterThread: Thread is done: Thread Group 1-64
2020-01-19 11:20:36,360 INFO o.a.j.t.JMeterThread: Thread finished: Thread Group 1-64
2020-01-19 11:20:36,375 INFO o.a.j.t.JMeterThread: Thread is done: Thread Group 1-54
2020-01-19 11:20:36,375 INFO o.a.j.t.JMeterThread: Thread finished: Thread Group 1-54
2020-01-19 11:20:36,444 INFO o.a.j.t.JMeterThread: Thread started: Thread Group 1-65
2020-01-19 11:20:36,456 INFO o.a.j.t.JMeterThread: Thread is done: Thread Group 1-65
2020-01-19 11:20:36,456 INFO o.a.j.t.JMeterThread: Thread finished: Thread Group 1-65
2020-01-19 11:20:36,476 INFO o.a.j.t.JMeterThread: Thread is done: Thread Group 1-55
2020-01-19 11:20:36,476 INFO o.a.j.t.JMeterThread: Thread finished: Thread Group 1-55
2020-01-19 11:20:36,547 INFO o.a.j.t.JMeterThread: Thread started: Thread Group 1-66
2020-01-19 11:20:36,558 INFO o.a.j.t.JMeterThread: Thread is done: Thread Group 1-66
2020-01-19 11:20:36,558 INFO o.a.j.t.JMeterThread: Thread finished: Thread Group 1-66
2020-01-19 11:20:36,577 INFO o.a.j.t.JMeterThread: Thread is done: Thread Group 1-56
2020-01-19 11:20:36,577 INFO o.a.j.t.JMeterThread: Thread finished: Thread Group 1-56
2020-01-19 11:20:36,647 INFO o.a.j.t.JMeterThread: Thread started: Thread Group 1-67
2020-01-19 11:20:36,659 INFO o.a.j.t.JMeterThread: Thread is done: Thread Group 1-67
2020-01-19 11:20:36,659 INFO o.a.j.t.JMeterThread: Thread finished: Thread Group 1-67
2020-01-19 11:20:36,687 INFO o.a.j.t.JMeterThread: Thread is done: Thread Group 1-57
2020-01-19 11:20:36,687 INFO o.a.j.t.JMeterThread: Thread finished: Thread Group 1-57
2020-01-19 11:20:36,749 INFO o.a.j.t.JMeterThread: Thread started: Thread Group 1-68
2020-01-19 11:20:36,845 INFO o.a.j.t.JMeterThread: Thread started: Thread Group 1-69
2020-01-19 11:20:36,948 INFO o.a.j.t.JMeterThread: Thread started: Thread Group 1-70
2020-01-19 11:20:37,049 INFO o.a.j.t.JMeterThread: Thread started: Thread Group 1-71
2020-01-19 11:20:37,149 INFO o.a.j.t.JMeterThread: Thread started: Thread Group 1-72
2020-01-19 11:20:37,248 INFO o.a.j.t.JMeterThread: Thread started: Thread Group 1-73
2020-01-19 11:20:37,346 INFO o.a.j.t.JMeterThread: Thread started: Thread Group 1-74
2020-01-19 11:20:37,449 INFO o.a.j.t.JMeterThread: Thread started: Thread Group 1-75
2020-01-19 11:20:37,550 INFO o.a.j.t.JMeterThread: Thread started: Thread Group 1-76
2020-01-19 11:20:37,650 INFO o.a.j.t.JMeterThread: Thread started: Thread Group 1-77
2020-01-19 11:20:37,751 INFO o.a.j.t.JMeterThread: Thread started: Thread Group 1-78
2020-01-19 11:20:37,848 INFO o.a.j.t.JMeterThread: Thread started: Thread Group 1-79
2020-01-19 11:20:37,952 INFO o.a.j.t.JMeterThread: Thread started: Thread Group 1-80
2020-01-19 11:20:38,052 INFO o.a.j.t.JMeterThread: Thread started: Thread Group 1-81
2020-01-19 11:20:38,152 INFO o.a.j.t.JMeterThread: Thread started: Thread Group 1-82
2020-01-19 11:20:38,162 INFO o.a.j.t.JMeterThread: Thread is done: Thread Group 1-82
2020-01-19 11:20:38,162 INFO o.a.j.t.JMeterThread: Thread finished: Thread Group 1-82
2020-01-19 11:20:38,174 INFO o.a.j.t.JMeterThread: Thread is done: Thread Group 1-72
2020-01-19 11:20:38,174 INFO o.a.j.t.JMeterThread: Thread finished: Thread Group 1-72
2020-01-19 11:20:38,202 INFO o.a.j.t.JMeterThread: Thread is done: Thread Group 1-62
2020-01-19 11:20:38,202 INFO o.a.j.t.JMeterThread: Thread finished: Thread Group 1-62
2020-01-19 11:20:38,255 INFO o.a.j.t.JMeterThread: Thread started: Thread Group 1-83
2020-01-19 11:20:38,265 INFO o.a.j.t.JMeterThread: Thread is done: Thread Group 1-83
2020-01-19 11:20:38,266 INFO o.a.j.t.JMeterThread: Thread finished: Thread Group 1-83
2020-01-19 11:20:38,277 INFO o.a.j.t.JMeterThread: Thread is done: Thread Group 1-73
2020-01-19 11:20:38,277 INFO o.a.j.t.JMeterThread: Thread finished: Thread Group 1-73
2020-01-19 11:20:38,353 INFO o.a.j.t.JMeterThread: Thread started: Thread Group 1-84
2020-01-19 11:20:38,364 INFO o.a.j.t.JMeterThread: Thread is done: Thread Group 1-84
2020-01-19 11:20:38,364 INFO o.a.j.t.JMeterThread: Thread finished: Thread Group 1-84
2020-01-19 11:20:38,377 INFO o.a.j.t.JMeterThread: Thread is done: Thread Group 1-74
2020-01-19 11:20:38,378 INFO o.a.j.t.JMeterThread: Thread finished: Thread Group 1-74
2020-01-19 11:20:38,453 INFO o.a.j.t.JMeterThread: Thread started: Thread Group 1-85
2020-01-19 11:20:38,464 INFO o.a.j.t.JMeterThread: Thread is done: Thread Group 1-85
2020-01-19 11:20:38,464 INFO o.a.j.t.JMeterThread: Thread finished: Thread Group 1-85
2020-01-19 11:20:38,482 INFO o.a.j.t.JMeterThread: Thread is done: Thread Group 1-75
2020-01-19 11:20:38,482 INFO o.a.j.t.JMeterThread: Thread finished: Thread Group 1-75
2020-01-19 11:20:38,554 INFO o.a.j.t.JMeterThread: Thread started: Thread Group 1-86
2020-01-19 11:20:38,563 INFO o.a.j.t.JMeterThread: Thread is done: Thread Group 1-86
2020-01-19 11:20:38,563 INFO o.a.j.t.JMeterThread: Thread finished: Thread Group 1-86
2020-01-19 11:20:38,583 INFO o.a.j.t.JMeterThread: Thread is done: Thread Group 1-76
2020-01-19 11:20:38,584 INFO o.a.j.t.JMeterThread: Thread finished: Thread Group 1-76
2020-01-19 11:20:38,651 INFO o.a.j.t.JMeterThread: Thread started: Thread Group 1-87
2020-01-19 11:20:38,662 INFO o.a.j.t.JMeterThread: Thread is done: Thread Group 1-87
2020-01-19 11:20:38,662 INFO o.a.j.t.JMeterThread: Thread finished: Thread Group 1-87
2020-01-19 11:20:38,753 INFO o.a.j.t.JMeterThread: Thread started: Thread Group 1-88
2020-01-19 11:20:38,856 INFO o.a.j.t.JMeterThread: Thread started: Thread Group 1-89
2020-01-19 11:20:38,954 INFO o.a.j.t.JMeterThread: Thread started: Thread Group 1-90
2020-01-19 11:20:39,057 INFO o.a.j.t.JMeterThread: Thread started: Thread Group 1-91
2020-01-19 11:20:39,156 INFO o.a.j.t.JMeterThread: Thread started: Thread Group 1-92
2020-01-19 11:20:39,256 INFO o.a.j.t.JMeterThread: Thread started: Thread Group 1-93
2020-01-19 11:20:39,356 INFO o.a.j.t.JMeterThread: Thread started: Thread Group 1-94
2020-01-19 11:20:39,454 INFO o.a.j.t.JMeterThread: Thread started: Thread Group 1-95
2020-01-19 11:20:39,554 INFO o.a.j.t.JMeterThread: Thread started: Thread Group 1-96
2020-01-19 11:20:39,657 INFO o.a.j.t.JMeterThread: Thread started: Thread Group 1-97
2020-01-19 11:20:39,757 INFO o.a.j.t.JMeterThread: Thread started: Thread Group 1-98
2020-01-19 11:20:39,858 INFO o.a.j.t.JMeterThread: Thread started: Thread Group 1-99
2020-01-19 11:20:39,958 INFO o.a.j.t.JMeterThread: Thread started: Thread Group 1-100
2020-01-19 11:20:40,178 INFO o.a.j.t.JMeterThread: Thread is done: Thread Group 1-92
2020-01-19 11:20:40,178 INFO o.a.j.t.JMeterThread: Thread finished: Thread Group 1-92
2020-01-19 11:20:40,185 INFO o.a.j.t.JMeterThread: Thread is done: Thread Group 1-31
2020-01-19 11:20:40,185 INFO o.a.j.t.JMeterThread: Thread finished: Thread Group 1-31
2020-01-19 11:20:40,278 INFO o.a.j.t.JMeterThread: Thread is done: Thread Group 1-93
2020-01-19 11:20:40,278 INFO o.a.j.t.JMeterThread: Thread finished: Thread Group 1-93
2020-01-19 11:20:40,380 INFO o.a.j.t.JMeterThread: Thread is done: Thread Group 1-94
2020-01-19 11:20:40,380 INFO o.a.j.t.JMeterThread: Thread finished: Thread Group 1-94
2020-01-19 11:20:40,480 INFO o.a.j.t.JMeterThread: Thread is done: Thread Group 1-95
2020-01-19 11:20:40,480 INFO o.a.j.t.JMeterThread: Thread finished: Thread Group 1-95
2020-01-19 11:20:40,583 INFO o.a.j.t.JMeterThread: Thread is done: Thread Group 1-96
2020-01-19 11:20:40,583 INFO o.a.j.t.JMeterThread: Thread finished: Thread Group 1-96
2020-01-19 11:20:40,687 INFO o.a.j.t.JMeterThread: Thread is done: Thread Group 1-97
2020-01-19 11:20:40,687 INFO o.a.j.t.JMeterThread: Thread finished: Thread Group 1-97
2020-01-19 11:20:40,720 INFO o.a.j.t.JMeterThread: Thread is done: Thread Group 1-77
2020-01-19 11:20:40,720 INFO o.a.j.t.JMeterThread: Thread finished: Thread Group 1-77
2020-01-19 11:20:40,789 INFO o.a.j.t.JMeterThread: Thread is done: Thread Group 1-98
2020-01-19 11:20:40,789 INFO o.a.j.t.JMeterThread: Thread finished: Thread Group 1-98
2020-01-19 11:20:40,799 INFO o.a.j.t.JMeterThread: Thread is done: Thread Group 1-88
2020-01-19 11:20:40,799 INFO o.a.j.t.JMeterThread: Thread finished: Thread Group 1-88
2020-01-19 11:20:40,826 INFO o.a.j.t.JMeterThread: Thread is done: Thread Group 1-78
2020-01-19 11:20:40,826 INFO o.a.j.t.JMeterThread: Thread finished: Thread Group 1-78
2020-01-19 11:20:40,843 INFO o.a.j.t.JMeterThread: Thread is done: Thread Group 1-68
2020-01-19 11:20:40,843 INFO o.a.j.t.JMeterThread: Thread finished: Thread Group 1-68
2020-01-19 11:20:40,869 INFO o.a.j.t.JMeterThread: Thread is done: Thread Group 1-58
2020-01-19 11:20:40,869 INFO o.a.j.t.JMeterThread: Thread finished: Thread Group 1-58
2020-01-19 11:20:42,193 INFO o.a.j.t.JMeterThread: Thread is done: Thread Group 1-51
2020-01-19 11:20:42,193 INFO o.a.j.t.JMeterThread: Thread finished: Thread Group 1-51
2020-01-19 11:20:42,911 INFO o.a.j.t.JMeterThread: Thread is done: Thread Group 1-99
2020-01-19 11:20:42,911 INFO o.a.j.t.JMeterThread: Thread finished: Thread Group 1-99
2020-01-19 11:20:42,925 INFO o.a.j.t.JMeterThread: Thread is done: Thread Group 1-89
2020-01-19 11:20:42,926 INFO o.a.j.t.JMeterThread: Thread finished: Thread Group 1-89
2020-01-19 11:20:42,943 INFO o.a.j.t.JMeterThread: Thread is done: Thread Group 1-79
2020-01-19 11:20:42,943 INFO o.a.j.t.JMeterThread: Thread finished: Thread Group 1-79
2020-01-19 11:20:42,992 INFO o.a.j.t.JMeterThread: Thread is done: Thread Group 1-59
2020-01-19 11:20:42,992 INFO o.a.j.t.JMeterThread: Thread finished: Thread Group 1-59
2020-01-19 11:20:43,017 INFO o.a.j.t.JMeterThread: Thread is done: Thread Group 1-100
2020-01-19 11:20:43,017 INFO o.a.j.t.JMeterThread: Thread finished: Thread Group 1-100
2020-01-19 11:20:43,025 INFO o.a.j.t.JMeterThread: Thread is done: Thread Group 1-90
2020-01-19 11:20:43,025 INFO o.a.j.t.JMeterThread: Thread finished: Thread Group 1-90
2020-01-19 11:20:43,053 INFO o.a.j.t.JMeterThread: Thread is done: Thread Group 1-80
2020-01-19 11:20:43,053 INFO o.a.j.t.JMeterThread: Thread finished: Thread Group 1-80
2020-01-19 11:20:43,059 INFO o.a.j.t.JMeterThread: Thread is done: Thread Group 1-19
2020-01-19 11:20:43,059 INFO o.a.j.t.JMeterThread: Thread finished: Thread Group 1-19
2020-01-19 11:20:43,095 INFO o.a.j.t.JMeterThread: Thread is done: Thread Group 1-60
2020-01-19 11:20:43,096 INFO o.a.j.t.JMeterThread: Thread finished: Thread Group 1-60
2020-01-19 11:20:43,134 INFO o.a.j.t.JMeterThread: Thread is done: Thread Group 1-91
2020-01-19 11:20:43,135 INFO o.a.j.t.JMeterThread: Thread finished: Thread Group 1-91
2020-01-19 11:20:43,158 INFO o.a.j.t.JMeterThread: Thread is done: Thread Group 1-81
2020-01-19 11:20:43,158 INFO o.a.j.t.JMeterThread: Thread finished: Thread Group 1-81
2020-01-19 11:20:43,167 INFO o.a.j.t.JMeterThread: Thread is done: Thread Group 1-20
2020-01-19 11:20:43,167 INFO o.a.j.t.JMeterThread: Thread finished: Thread Group 1-20
2020-01-19 11:20:44,178 INFO o.a.j.t.JMeterThread: Thread is done: Thread Group 1-71
2020-01-19 11:20:44,178 INFO o.a.j.t.JMeterThread: Thread finished: Thread Group 1-71
2020-01-19 11:20:44,943 INFO o.a.j.t.JMeterThread: Thread is done: Thread Group 1-38
2020-01-19 11:20:44,943 INFO o.a.j.t.JMeterThread: Thread finished: Thread Group 1-38
2020-01-19 11:20:45,044 INFO o.a.j.t.JMeterThread: Thread is done: Thread Group 1-39
2020-01-19 11:20:45,044 INFO o.a.j.t.JMeterThread: Thread finished: Thread Group 1-39
2020-01-19 11:20:45,146 INFO o.a.j.t.JMeterThread: Thread is done: Thread Group 1-40
2020-01-19 11:20:45,146 INFO o.a.j.t.JMeterThread: Thread finished: Thread Group 1-40
2020-01-19 11:20:45,245 INFO o.a.j.t.JMeterThread: Thread is done: Thread Group 1-41
2020-01-19 11:20:45,246 INFO o.a.j.t.JMeterThread: Thread finished: Thread Group 1-41
2020-01-19 11:20:45,932 INFO o.a.j.t.JMeterThread: Thread is done: Thread Group 1-48
2020-01-19 11:20:45,932 INFO o.a.j.t.JMeterThread: Thread finished: Thread Group 1-48
2020-01-19 11:20:46,024 INFO o.a.j.t.JMeterThread: Thread is done: Thread Group 1-49
2020-01-19 11:20:46,025 INFO o.a.j.t.JMeterThread: Thread finished: Thread Group 1-49
2020-01-19 11:20:46,128 INFO o.a.j.t.JMeterThread: Thread is done: Thread Group 1-50
2020-01-19 11:20:46,128 INFO o.a.j.t.JMeterThread: Thread finished: Thread Group 1-50
2020-01-19 11:20:47,222 INFO o.a.j.t.JMeterThread: Thread is done: Thread Group 1-61
2020-01-19 11:20:47,222 INFO o.a.j.t.JMeterThread: Thread finished: Thread Group 1-61
2020-01-19 11:20:47,995 INFO o.a.j.t.JMeterThread: Thread is done: Thread Group 1-69
2020-01-19 11:20:47,995 INFO o.a.j.t.JMeterThread: Thread finished: Thread Group 1-69
2020-01-19 11:20:48,094 INFO o.a.j.t.JMeterThread: Thread is done: Thread Group 1-70
2020-01-19 11:20:48,095 INFO o.a.j.t.JMeterThread: Thread finished: Thread Group 1-70
2020-01-19 11:20:51,295 INFO o.a.j.t.JMeterThread: Thread is done: Thread Group 1-21
2020-01-19 11:20:51,295 INFO o.a.j.t.JMeterThread: Thread finished: Thread Group 1-21
2020-01-19 11:20:52,175 INFO o.a.j.t.JMeterThread: Thread is done: Thread Group 1-30
2020-01-19 11:20:52,175 INFO o.a.j.t.JMeterThread: Thread finished: Thread Group 1-30
2020-01-19 11:20:52,175 INFO o.a.j.e.StandardJMeterEngine: Notifying test listeners of end of test
2020-01-19 11:20:52,176 INFO o.a.j.r.Summariser: summary +    999 in 00:00:22 =   45.5/s Avg:   297 Min:     0 Max: 19253 Err:   999 (100.00%) Active: 0 Started: 100 Finished: 100
2020-01-19 11:20:52,177 INFO o.a.j.r.Summariser: summary =   1000 in 00:00:22 =   45.0/s Avg:   296 Min:     0 Max: 19253 Err:  1000 (100.00%)
2020-01-19 11:20:52,177 INFO o.a.j.JMeter: Generating Dashboard
2020-01-19 11:20:52,177 INFO o.a.j.r.d.ReportGenerator: Flushing result collector before report Generation
2020-01-19 11:20:52,196 INFO o.a.j.r.p.NormalizerSampleConsumer: Using format, 'ms', to parse timeStamp field
2020-01-19 11:20:52,447 INFO o.a.j.r.p.AbstractSampleConsumer: class org.apache.jmeter.report.processor.AggregateConsumer#stopProducing(): beginDate produced 0 samples
2020-01-19 11:20:52,447 INFO o.a.j.r.p.AbstractSampleConsumer: class org.apache.jmeter.report.processor.AggregateConsumer#stopProducing(): endDate produced 0 samples
2020-01-19 11:20:52,448 INFO o.a.j.r.p.AbstractSampleConsumer: class org.apache.jmeter.report.processor.ApdexSummaryConsumer#stopProducing(): apdexSummary produced 0 samples
2020-01-19 11:20:52,448 INFO o.a.j.r.p.AbstractSampleConsumer: class org.apache.jmeter.report.processor.RequestsSummaryConsumer#stopProducing(): requestsSummary produced 0 samples
2020-01-19 11:20:52,457 INFO o.a.j.r.p.AbstractSampleConsumer: class org.apache.jmeter.report.processor.StatisticsSummaryConsumer#stopProducing(): statisticsSummary produced 0 samples
2020-01-19 11:20:52,458 INFO o.a.j.r.p.AbstractSampleConsumer: class org.apache.jmeter.report.processor.Top5ErrorsBySamplerConsumer#stopProducing(): top5ErrorsBySampler produced 0 samples
2020-01-19 11:20:52,458 INFO o.a.j.r.p.AbstractSampleConsumer: class org.apache.jmeter.report.processor.ErrorsSummaryConsumer#stopProducing(): errorsSummary produced 0 samples
2020-01-19 11:20:52,458 INFO o.a.j.r.p.AbstractSampleConsumer: class org.apache.jmeter.report.processor.graph.impl.HitsPerSecondGraphConsumer#stopProducing(): hitsPerSecond produced 0 samples
2020-01-19 11:20:52,493 INFO o.a.j.r.p.AbstractSampleConsumer: class org.apache.jmeter.report.processor.graph.impl.LatencyVSRequestGraphConsumer#stopProducing(): latencyVsRequest produced 0 samples
2020-01-19 11:20:52,493 INFO o.a.j.r.p.AbstractSampleConsumer: class org.apache.jmeter.report.processor.graph.impl.SyntheticResponseTimeDistributionGraphConsumer#stopProducing(): syntheticResponseTimeDistribution produced 0 samples
2020-01-19 11:20:52,494 INFO o.a.j.r.p.AbstractSampleConsumer: class org.apache.jmeter.report.processor.graph.impl.BytesThroughputGraphConsumer#stopProducing(): bytesThroughputOverTime produced 0 samples
2020-01-19 11:20:52,494 INFO o.a.j.r.p.AbstractSampleConsumer: class org.apache.jmeter.report.processor.graph.impl.CodesPerSecondGraphConsumer#stopProducing(): codesPerSecond produced 0 samples
2020-01-19 11:20:52,509 INFO o.a.j.r.p.AbstractSampleConsumer: class org.apache.jmeter.report.processor.graph.impl.ResponseTimeVSRequestGraphConsumer#stopProducing(): responseTimeVsRequest produced 0 samples
2020-01-19 11:20:52,509 INFO o.a.j.r.p.AbstractSampleConsumer: class org.apache.jmeter.report.processor.FilterConsumer#stopProducing(): startIntervalControlerFilter produced 7000 samples
2020-01-19 11:20:52,510 INFO o.a.j.r.p.AbstractSampleConsumer: class org.apache.jmeter.report.processor.graph.impl.ActiveThreadsGraphConsumer#stopProducing(): activeThreadsOverTime produced 0 samples
2020-01-19 11:20:52,510 INFO o.a.j.r.p.AbstractSampleConsumer: class org.apache.jmeter.report.processor.graph.impl.TimeVSThreadGraphConsumer#stopProducing(): timeVsThreads produced 0 samples
2020-01-19 11:20:52,510 INFO o.a.j.r.p.AbstractSampleConsumer: class org.apache.jmeter.report.processor.graph.impl.ResponseTimeDistributionGraphConsumer#stopProducing(): responseTimeDistribution produced 0 samples
2020-01-19 11:20:52,510 INFO o.a.j.r.p.AbstractSampleConsumer: class org.apache.jmeter.report.processor.graph.impl.TransactionsPerSecondGraphConsumer#stopProducing(): transactionsPerSecond produced 0 samples
2020-01-19 11:20:52,510 INFO o.a.j.r.p.AbstractSampleConsumer: class org.apache.jmeter.report.processor.graph.impl.ResponseTimePercentilesGraphConsumer#stopProducing(): responseTimePercentiles produced 0 samples
2020-01-19 11:20:52,512 INFO o.a.j.r.p.AbstractSampleConsumer: class org.apache.jmeter.report.processor.graph.impl.ResponseTimePercentilesOverTimeGraphConsumer#stopProducing(): responseTimePercentilesOverTime produced 0 samples
2020-01-19 11:20:52,512 INFO o.a.j.r.p.AbstractSampleConsumer: class org.apache.jmeter.report.processor.graph.impl.ResponseTimeOverTimeGraphConsumer#stopProducing(): responseTimesOverTime produced 0 samples
2020-01-19 11:20:52,512 INFO o.a.j.r.p.AbstractSampleConsumer: class org.apache.jmeter.report.processor.graph.impl.ConnectTimeOverTimeGraphConsumer#stopProducing(): connectTimeOverTime produced 0 samples
2020-01-19 11:20:52,512 INFO o.a.j.r.p.AbstractSampleConsumer: class org.apache.jmeter.report.processor.graph.impl.LatencyOverTimeGraphConsumer#stopProducing(): latenciesOverTime produced 0 samples
2020-01-19 11:20:52,512 INFO o.a.j.r.p.AbstractSampleConsumer: class org.apache.jmeter.report.processor.FilterConsumer#stopProducing(): nameFilter produced 14000 samples
2020-01-19 11:20:52,512 INFO o.a.j.r.p.AbstractSampleConsumer: class org.apache.jmeter.report.processor.FilterConsumer#stopProducing(): dateRangeFilter produced 3000 samples
2020-01-19 11:20:52,512 INFO o.a.j.r.p.AbstractSampleConsumer: class org.apache.jmeter.report.processor.NormalizerSampleConsumer#stopProducing(): normalizer produced 1000 samples
2020-01-19 11:20:52,513 INFO o.a.j.r.p.CsvFileSampleSource: produce(): 1000 samples produced in 264ms on channel 0
2020-01-19 11:20:52,513 INFO o.a.j.r.d.ReportGenerator: Exporting data using exporter:'html' of className:'org.apache.jmeter.report.dashboard.HtmlTemplateExporter'
2020-01-19 11:20:52,517 INFO o.a.j.r.d.HtmlTemplateExporter: Will generate dashboard in folder: /Users/dzungchu/Documents/4-WORKSPACE/demo-cicd/target/jmeter/reports/HTTP Request_20200119_112027
2020-01-19 11:20:52,614 INFO o.a.j.r.d.HtmlTemplateExporter: Report will be generated in: /Users/dzungchu/Documents/4-WORKSPACE/demo-cicd/target/jmeter/reports/HTTP Request_20200119_112027, creating folder structure
2020-01-19 11:20:53,307 INFO o.a.j.JMeter: Dashboard generated
